This is superme pdfTeX, Version Alpha 1 (TeX Live 2018) (INITEX)  14 JUN 2018 10:52
entering extended mode
***pdflatex.ini
(/home/elliott/pdftextexmfdist/pdflatex.ini
(/home/elliott/pdftextexmfdist/pdftexconfig.tex)
(/home/elliott/pdftextexmfdist/latex.ltx
(/home/elliott/pdftextexmfdist/texsys.cfg)
\openout15 = `texsys.aux'.


./texsys.aux found


\@currdir set to: ./.


Assuming \openin and \input 
have the same search path.


Defining UNIX/DOS style filename parser.

catcodes, registers,
\maxdimen=\dimen10
\hideskip=\skip10
\p@=\dimen11
\z@=\dimen12
\z@skip=\skip11
\voidb@x=\box10
 parameters,
\normalbaselineskip=\skip12
\normallineskip=\skip13
\normallineskiplimit=\dimen13
\interfootnotelinepenalty=\count23
\strutbox=\box11

LaTeX2e <2018-04-01> patch level 2
hacks,
\@tempcnta=\count24
\@tempcntb=\count25
\@tempdima=\dimen14
\@tempdimb=\dimen15
\@tempdimc=\dimen16
\@tempboxa=\box12
\@tempskipa=\skip14
\@tempskipb=\skip15
\@temptokena=\toks10
\@flushglue=\skip16
 control, par, spacing,
\@savsk=\dimen17
\@savsf=\count26
\smallskipamount=\skip17
\medskipamount=\skip18
\bigskipamount=\skip19
\fill=\skip20
 files,
\@inputcheck=\read0
\@unused=\write0
\@mainaux=\write1
\@partaux=\write2
\@clubpenalty=\count27
 font encodings, lengths,
\everymath=\toks11
\everydisplay=\toks12
\every@math@size=\toks13
\lower@bound=\dimen18
\upper@bound=\dimen19
\c@mv@normal=\count28
\c@mv@bold=\count29

====================================

Local config file fonttext.cfg used

====================================
(/home/elliott/pdftextexmfdist/fonttext.cfg
File: fonttext.cfg 2016/12/03 v3.0a LaTeX Kernel (Uncustomised text font setup)


(/home/elliott/pdftextexmfdist/fonttext.ltx
File: fonttext.ltx 2016/12/03 v3.0a LaTeX Kernel (Text font setup)

=== Don't modify this file, use a .cfg file instead ===

(/home/elliott/pdftextexmfdist/omlenc.def
File: omlenc.def 2017/04/05 v2.0i Standard LaTeX file
)
(/home/elliott/pdftextexmfdist/t1enc.def
File: t1enc.def 2017/04/05 v2.0i Standard LaTeX file
)
(/home/elliott/pdftextexmfdist/ot1enc.def
File: ot1enc.def 2017/04/05 v2.0i Standard LaTeX file
)
(/home/elliott/pdftextexmfdist/omsenc.def
File: omsenc.def 2017/04/05 v2.0i Standard LaTeX file
)
(/home/elliott/pdftextexmfdist/t1cmr.fd
File: t1cmr.fd 2014/09/29 v2.5h Standard LaTeX font definitions
)
(/home/elliott/pdftextexmfdist/ot1cmr.fd
File: ot1cmr.fd 2014/09/29 v2.5h Standard LaTeX font definitions
)
(/home/elliott/pdftextexmfdist/ot1cmss.fd
File: ot1cmss.fd 2014/09/29 v2.5h Standard LaTeX font definitions
)
(/home/elliott/pdftextexmfdist/ot1cmtt.fd
File: ot1cmtt.fd 2014/09/29 v2.5h Standard LaTeX font definitions
)))
====================================

Local config file fontmath.cfg used

====================================
(/home/elliott/pdftextexmfdist/fontmath.cfg
File: fontmath.cfg 2016/12/03 v3.0a LaTeX Kernel (Uncustomised math font setup)


(/home/elliott/pdftextexmfdist/fontmath.ltx
File: fontmath.ltx 2016/12/03 v3.0a LaTeX Kernel (Math font setup)

=== Don't modify this file, use a .cfg file instead ===

LaTeX Font Info:    Redeclaring font encoding OML on input line 44.
LaTeX Font Info:    Redeclaring font encoding OMS on input line 45.
(/home/elliott/pdftextexmfdist/omlcmm.fd
File: omlcmm.fd 2014/09/29 v2.5h Standard LaTeX font definitions
)
(/home/elliott/pdftextexmfdist/omscmsy.fd
File: omscmsy.fd 2014/09/29 v2.5h Standard LaTeX font definitions
)
(/home/elliott/pdftextexmfdist/omxcmex.fd
File: omxcmex.fd 2014/09/29 v2.5h Standard LaTeX font definitions
)
(/home/elliott/pdftextexmfdist/ucmr.fd
File: ucmr.fd 2014/09/29 v2.5h Standard LaTeX font definitions
)
\symoperators=\mathgroup0
\symletters=\mathgroup1
\symsymbols=\mathgroup2
\symlargesymbols=\mathgroup3
LaTeX Font Info:    Overwriting symbol font `operators' in version `bold'
(Font)                  OT1/cmr/m/n --> OT1/cmr/bx/n on input line 63.
LaTeX Font Info:    Overwriting symbol font `letters' in version `bold'
(Font)                  OML/cmm/m/it --> OML/cmm/b/it on input line 64.
LaTeX Font Info:    Overwriting symbol font `symbols' in version `bold'
(Font)                  OMS/cmsy/m/n --> OMS/cmsy/b/n on input line 65.
LaTeX Font Info:    Overwriting math alphabet `\mathsf' in version `bold'
(Font)                  OT1/cmss/m/n --> OT1/cmss/bx/n on input line 73.
LaTeX Font Info:    Overwriting math alphabet `\mathit' in version `bold'
(Font)                  OT1/cmr/m/it --> OT1/cmr/bx/it on input line 74.
))
====================================

Local config file preload.cfg used

=====================================
(/home/elliott/pdftextexmfdist/preload.cfg
File: preload.cfg 2016/12/03 v3.0a LaTeX Kernel (Uncustomised preload font setu
p)

(/home/elliott/pdftextexmfdist/preload.ltx
File: preload.ltx 2014/09/29 v2.1g LaTeX Kernel (Font Preloading)
)) page nos., x-ref, environments,
center,
\@rightskip=\skip21
 verbatim, math definitions,
\jot=\dimen20
\interdisplaylinepenalty=\count30
\rootbox=\box13
\c@equation=\count31
\@eqcnt=\count32
\@eqpen=\count33
\@centering=\skip22
\topsep=\skip23
\partopsep=\skip24
\itemsep=\skip25
\parsep=\skip26
\@topsep=\skip27
\@topsepadd=\skip28
\@outerparskip=\skip29
\leftmargin=\dimen21
\rightmargin=\dimen22
\listparindent=\dimen23
\itemindent=\dimen24
\labelwidth=\dimen25
\labelsep=\dimen26
\linewidth=\dimen27
\@totalleftmargin=\dimen28
\leftmargini=\dimen29
\leftmarginii=\dimen30
\leftmarginiii=\dimen31
\leftmarginiv=\dimen32
\leftmarginv=\dimen33
\leftmarginvi=\dimen34
\@listdepth=\count34
\@itempenalty=\count35
\@beginparpenalty=\count36
\@endparpenalty=\count37
\@labels=\box14
\par@deathcycles=\count38
\@enumdepth=\count39
\c@enumi=\count40
\c@enumii=\count41
\c@enumiii=\count42
\c@enumiv=\count43
\@itemdepth=\count44
 boxes,
\fboxrule=\dimen35
\fboxsep=\dimen36
\@mplistdepth=\count45
\@mpfootins=\insert254
\@gtempa=\dimen37
\@gtempa=\dimen38
\@gtempa=\dimen39
\@gtempa=\dimen40
\@gtempa=\dimen41
\@gtempa=\dimen42
\@gtempa=\dimen43
\@gtempa=\dimen44
\@gtempa=\dimen45
\@gtempa=\dimen46
\@gtempa=\dimen47
\@gtempa=\dimen48
\@gtempa=\dimen49
\@gtempa=\dimen50
\@nxttabmar=\count46
\@curtabmar=\count47
\@curtab=\count48
\@hightab=\count49
\@tabpush=\count50
\@curline=\box15
\@curfield=\box16
\@tabfbox=\box17
\tabbingsep=\dimen51
\@chclass=\count51
\@lastchclass=\count52
\@chnum=\count53
\arraycolsep=\dimen52
\tabcolsep=\dimen53
\arrayrulewidth=\dimen54
\doublerulesep=\dimen55
\@arstrutbox=\box18
\@wholewidth=\dimen56
\@halfwidth=\dimen57
\unitlength=\dimen58
\@picbox=\box19
\@picht=\dimen59
\@ovxx=\dimen60
\@ovyy=\dimen61
\@ovdx=\dimen62
\@ovdy=\dimen63
\@ovro=\dimen64
\@ovri=\dimen65
\@xarg=\count54
\@yarg=\count55
\@yyarg=\count56
\@multicnt=\count57
\@xdim=\dimen66
\@ydim=\dimen67
\@linechar=\box20
\@linelen=\dimen68
\@clnwd=\dimen69
\@clnht=\dimen70
\@dashdim=\dimen71
\@dashbox=\box21
\@dashcnt=\count58
 title, sectioning,
\@secpenalty=\count59
\c@secnumdepth=\count60
\c@tocdepth=\count61
 contents,
floats,
\@floatpenalty=\count62
 footnotes,
\footins=\insert253
\c@footnote=\count63
\c@mpfootnote=\count64
\footnotesep=\dimen72
 index, bibliography, output,
\bx@A=\insert252
\bx@B=\insert251
\bx@C=\insert250
\bx@D=\insert249
\bx@E=\insert248
\bx@F=\insert247
\bx@G=\insert246
\bx@H=\insert245
\bx@I=\insert244
\bx@J=\insert243
\bx@K=\insert242
\bx@L=\insert241
\bx@M=\insert240
\bx@N=\insert239
\bx@O=\insert238
\bx@P=\insert237
\bx@Q=\insert236
\bx@R=\insert235
\bx@S=\insert234
\bx@T=\insert233
\bx@U=\insert232
\bx@V=\insert231
\bx@W=\insert230
\bx@X=\insert229
\bx@Y=\insert228
\bx@Z=\insert227
\bx@AA=\insert226
\bx@BB=\insert225
\bx@CC=\insert224
\bx@DD=\insert223
\bx@EE=\insert222
\bx@FF=\insert221
\bx@GG=\insert220
\bx@HH=\insert219
\bx@II=\insert218
\bx@JJ=\insert217
\bx@KK=\insert216
\bx@LL=\insert215
\bx@MM=\insert214
\bx@NN=\insert213
\bx@OO=\insert212
\bx@PP=\insert211
\bx@QQ=\insert210
\bx@RR=\insert209
\bx@SS=\insert208
\bx@TT=\insert207
\bx@UU=\insert206
\bx@VV=\insert205
\bx@WW=\insert204
\bx@XX=\insert203
\bx@YY=\insert202
\bx@ZZ=\insert201
\topmargin=\dimen73
\oddsidemargin=\dimen74
\evensidemargin=\dimen75
\headheight=\dimen76
\headsep=\dimen77
\footskip=\dimen78
\textheight=\dimen79
\textwidth=\dimen80
\columnwidth=\dimen81
\columnsep=\dimen82
\columnseprule=\dimen83
\marginparwidth=\dimen84
\marginparsep=\dimen85
\marginparpush=\dimen86
\@begindvibox=\box22
\@maxdepth=\dimen87
\paperheight=\dimen88
\paperwidth=\dimen89
\col@number=\count65
\@topnum=\count66
\@toproom=\dimen90
\@dbltopnum=\count67
\@dbltoproom=\dimen91
\@botnum=\count68
\@botroom=\dimen92
\@colnum=\count69
\@textmin=\dimen93
\@fpmin=\dimen94
\@colht=\dimen95
\@colroom=\dimen96
\@pageht=\dimen97
\@pagedp=\dimen98
\@mparbottom=\dimen99
\@currtype=\count70
\@outputbox=\box23
\@leftcolumn=\box24
\@holdpg=\box25
\@kludgeins=\insert200
\@fpstype=\count71
\@reqcolroom=\dimen100
\@textfloatsheight=\dimen101
\c@topnumber=\count72
\c@bottomnumber=\count73
\c@totalnumber=\count74
\c@dbltopnumber=\count75
\floatsep=\skip30
\textfloatsep=\skip31
\intextsep=\skip32
\dblfloatsep=\skip33
\dbltextfloatsep=\skip34
\@fptop=\skip35
\@fpsep=\skip36
\@fpbot=\skip37
\@dblfptop=\skip38
\@dblfpsep=\skip39
\@dblfpbot=\skip40
\pkgcls@targetdate=\count76
\@lowpenalty=\count77
\@medpenalty=\count78
\@highpenalty=\count79

===========================================
Local configuration file hyphen.cfg used
===========================================
(/home/elliott/pdftextexmfdist/hyphen.cfg
File: hyphen.cfg 2018/02/14 3.18 Babel hyphens

(/home/elliott/pdftextexmfdist/switch.def
File: switch.def 2018/02/14 3.18 Babel switching mechanism
)
\l@english=\language0

(/home/elliott/pdftextexmfdist/hyphen.tex)
\l@usenglish=\language0
\l@USenglish=\language0
\l@american=\language0
\l@dumylang=\language1

(/home/elliott/pdftextexmfdist/dumyhyph.tex)
\l@nohyphenation=\language2

(/home/elliott/pdftextexmfdist/zerohyph.tex)
\l@german-x-2018-03-31=\language3

(/home/elliott/pdftextexmfdist/dehypht-x-2018-03-31.tex
dehyph-exptl: using an 8-bit TeX engine.
(/home/elliott/pdftextexmfdist/dehypht-x-2018-03-31.pat
German Hyphenation Patterns (Traditional Orthography) `dehypht-x' 2018-03-31 (W
L)))
\l@german-x-latest=\language3
\l@ngerman-x-2018-03-31=\language4
 (/home/elliott/pdftextexmfdist/dehyphn-x-2018-03-31.tex
dehyph-exptl: using an 8-bit TeX engine.
(/home/elliott/pdftextexmfdist/dehyphn-x-2018-03-31.pat
German Hyphenation Patterns (Reformed Orthography, 2006) `dehyphn-x' 2018-03-31
 (WL)))
\l@ngerman-x-latest=\language4
\l@afrikaans=\language5
 (/home/elliott/pdftextexmfdist/loadhyph-af.tex
EC Afrikaans hyphenation patterns
(/home/elliott/pdftextexmfdist/conv-utf8-ec.tex)
(/home/elliott/pdftextexmfdist/hyph-af.tex))
\l@ancientgreek=\language6

(/home/elliott/pdftextexmfdist/loadhyph-grc.tex
Hyphenation patterns for Ancient Greek
(/home/elliott/pdftextexmfdist/grahyph5.tex
Hyphenation patterns for Ancient Greek))
\l@ibycus=\language7

(/home/elliott/pdftextexmfdist/ibyhyph.tex
Greek hyphenation patterns for Ibycus encoding, v3.0)
\l@arabic=\language8

(/home/elliott/pdftextexmfdist/zerohyph.tex)
\l@armenian=\language9

(/home/elliott/pdftextexmfdist/loadhyph-hy.tex
No Armenian hyphenation patterns - only for Unicode engines)
\l@basque=\language10

(/home/elliott/pdftextexmfdist/loadhyph-eu.tex EC Basque hyphenation patterns
(/home/elliott/pdftextexmfdist/conv-utf8-ec.tex)
(/home/elliott/pdftextexmfdist/hyph-eu.tex))
\l@belarusian=\language11

(/home/elliott/pdftextexmfdist/loadhyph-be.tex
T2A Belarusian hyphenation patterns
(/home/elliott/pdftextexmfdist/conv-utf8-t2a.tex)
(/home/elliott/pdftextexmfdist/hyph-be.tex))
\l@bulgarian=\language12

(/home/elliott/pdftextexmfdist/loadhyph-bg.tex
T2A Bulgarian hyphenation patterns
(/home/elliott/pdftextexmfdist/conv-utf8-t2a.tex)
(/home/elliott/pdftextexmfdist/hyph-bg.tex
Bulgarian hyphenation patterns (options: --safe-morphology --standalone-tex, ve
rsion 21 October 2017)))
\l@catalan=\language13
 (/home/elliott/pdftextexmfdist/loadhyph-ca.tex
EC Catalan hyphenation patterns (/home/elliott/pdftextexmfdist/conv-utf8-ec.tex
) (/home/elliott/pdftextexmfdist/hyph-ca.tex))
\l@pinyin=\language14

(/home/elliott/pdftextexmfdist/loadhyph-zh-latn-pinyin.tex
EC Hyphenation patterns for unaccented pinyin syllables (CJK 4.8.0)
(/home/elliott/pdftextexmfdist/conv-utf8-ec.tex)
(/home/elliott/pdftextexmfdist/hyph-zh-latn-pinyin.tex))
\l@churchslavonic=\language15

(/home/elliott/pdftextexmfdist/loadhyph-cu.tex
No Church Slavonic hyphenation patterns - only for Unicode engines)
\l@coptic=\language16

(/home/elliott/pdftextexmfdist/loadhyph-cop.tex Coptic hyphenation patterns
(/home/elliott/pdftextexmfdist/copthyph.tex))
\l@croatian=\language17

(/home/elliott/pdftextexmfdist/loadhyph-hr.tex
EC Croatian hyphenation patterns
(/home/elliott/pdftextexmfdist/conv-utf8-ec.tex)
(/home/elliott/pdftextexmfdist/hyph-hr.tex))
\l@czech=\language18

(/home/elliott/pdftextexmfdist/loadhyph-cs.tex
EC Czech hyphenation patterns (Pavel Sevecek, v3, 1995)
(/home/elliott/pdftextexmfdist/conv-utf8-ec.tex)
(/home/elliott/pdftextexmfdist/hyph-cs.tex))
\l@danish=\language19

(/home/elliott/pdftextexmfdist/loadhyph-da.tex EC Danish hyphenation patterns
(/home/elliott/pdftextexmfdist/conv-utf8-ec.tex)
(/home/elliott/pdftextexmfdist/hyph-da.tex))
\l@dutch=\language20

(/home/elliott/pdftextexmfdist/loadhyph-nl.tex EC Dutch hyphenation patterns
(/home/elliott/pdftextexmfdist/conv-utf8-ec.tex)
(/home/elliott/pdftextexmfdist/hyph-nl.tex))
\l@ukenglish=\language21

(/home/elliott/pdftextexmfdist/loadhyph-en-gb.tex
ASCII Hyphenation patterns for British English
(/home/elliott/pdftextexmfdist/hyph-en-gb.tex))
\l@british=\language21
\l@UKenglish=\language21
\l@usenglishmax=\language22

(/home/elliott/pdftextexmfdist/loadhyph-en-us.tex
ASCII Hyphenation patterns for American English
(/home/elliott/pdftextexmfdist/hyph-en-us.tex))
\l@esperanto=\language23

(/home/elliott/pdftextexmfdist/loadhyph-eo.tex
IL3 Esperanto hyphenation patterns
(/home/elliott/pdftextexmfdist/conv-utf8-il3.tex)
(/home/elliott/pdftextexmfdist/hyph-eo.tex))
\l@estonian=\language24

(/home/elliott/pdftextexmfdist/loadhyph-et.tex
EC Estonian hyphenation patterns
(/home/elliott/pdftextexmfdist/conv-utf8-ec.tex)
(/home/elliott/pdftextexmfdist/hyph-et.tex))
\l@ethiopic=\language25

(/home/elliott/pdftextexmfdist/loadhyph-mul-ethi.tex
No Pan-Ethiopic hyphenation patterns - only for Unicode engines)
\l@amharic=\language25
\l@geez=\language25
\l@farsi=\language26

(/home/elliott/pdftextexmfdist/zerohyph.tex)
\l@persian=\language26
\l@finnish=\language27

(/home/elliott/pdftextexmfdist/loadhyph-fi.tex EC Finnish hyphenation patterns
(/home/elliott/pdftextexmfdist/conv-utf8-ec.tex)
(/home/elliott/pdftextexmfdist/hyph-fi.tex))
\l@french=\language28

(/home/elliott/pdftextexmfdist/loadhyph-fr.tex EC French hyphenation patterns
(/home/elliott/pdftextexmfdist/conv-utf8-ec.tex)
(/home/elliott/pdftextexmfdist/hyph-fr.tex))
\l@patois=\language28
\l@francais=\language28
\l@friulan=\language29

(/home/elliott/pdftextexmfdist/loadhyph-fur.tex
EC Friulan hyphenation patterns (/home/elliott/pdftextexmfdist/conv-utf8-ec.tex
) (/home/elliott/pdftextexmfdist/hyph-fur.tex))
\l@galician=\language30

(/home/elliott/pdftextexmfdist/loadhyph-gl.tex
EC Galician hyphenation patterns
(/home/elliott/pdftextexmfdist/conv-utf8-ec.tex)
(/home/elliott/pdftextexmfdist/hyph-gl.tex))
\l@georgian=\language31

(/home/elliott/pdftextexmfdist/loadhyph-ka.tex
T8M Georgian hyphenation patterns
(/home/elliott/pdftextexmfdist/conv-utf8-t8m.tex)
(/home/elliott/pdftextexmfdist/hyph-ka.tex))
\l@german=\language32

(/home/elliott/pdftextexmfdist/loadhyph-de-1901.tex
EC German hyphenation patterns (traditional orthography)
(/home/elliott/pdftextexmfdist/dehypht.tex
German Traditional Hyphenation Patterns `dehypht' Version 3.2a <1999/03/03>
(Formerly known under the name `ghyph31' and `ghyphen'.)))
\l@ngerman=\language33

(/home/elliott/pdftextexmfdist/loadhyph-de-1996.tex
EC German hyphenation patterns (reformed orthography)
(/home/elliott/pdftextexmfdist/dehyphn.tex
New German Hyphenation Patterns `dehyphn' Rev.31 <2001-05-07> (WaS)))
\l@swissgerman=\language34

(/home/elliott/pdftextexmfdist/loadhyph-de-ch-1901.tex
EC Swiss-German hyphenation patterns (traditional orthography)
(/home/elliott/pdftextexmfdist/conv-utf8-ec.tex)
(/home/elliott/pdftextexmfdist/hyph-de-ch-1901.tex
Swiss-German Hyphenation Patterns (Traditional Orthography) `dehyphts-x' 2018-0
3-31 (WL)))
\l@monogreek=\language35
 (/home/elliott/pdftextexmfdist/loadhyph-el-monoton.tex
Hyphenation patterns for uni-accent (monotonic) Modern Greek
(/home/elliott/pdftextexmfdist/grmhyph5.tex
Hyphenation patterns for uni-accent (monotonic) Modern Greek))
\l@greek=\language36

(/home/elliott/pdftextexmfdist/loadhyph-el-polyton.tex
Hyphenation patterns for multi-accent (polytonic) Modern Greek
(/home/elliott/pdftextexmfdist/grphyph5.tex
Hyphenation patterns for multi-accent (polytonic) Modern Greek))
\l@polygreek=\language36
\l@hungarian=\language37

(/home/elliott/pdftextexmfdist/loadhyph-hu.tex
EC Hungarian hyphenation patterns (v20110815)
(/home/elliott/pdftextexmfdist/conv-utf8-ec.tex)
(/home/elliott/pdftextexmfdist/hyph-hu.tex
Huhyphn - hungarian hyphenation patterns v20110815))
\l@icelandic=\language38

(/home/elliott/pdftextexmfdist/loadhyph-is.tex
EC Icelandic hyphenation patterns
(/home/elliott/pdftextexmfdist/conv-utf8-ec.tex)
(/home/elliott/pdftextexmfdist/hyph-is.tex))
\l@assamese=\language39

(/home/elliott/pdftextexmfdist/loadhyph-as.tex
No Assamese hyphenation patterns - only for Unicode engines)
\l@bengali=\language40

(/home/elliott/pdftextexmfdist/loadhyph-bn.tex
No Bengali hyphenation patterns - only for Unicode engines)
\l@gujarati=\language41

(/home/elliott/pdftextexmfdist/loadhyph-gu.tex
No Gujarati hyphenation patterns - only for Unicode engines)
\l@hindi=\language42

(/home/elliott/pdftextexmfdist/loadhyph-hi.tex
No Hindi hyphenation patterns - only for Unicode engines)
\l@kannada=\language43

(/home/elliott/pdftextexmfdist/loadhyph-kn.tex
No Kannada hyphenation patterns - only for Unicode engines)
\l@malayalam=\language44

(/home/elliott/pdftextexmfdist/loadhyph-ml.tex
No Malayalam hyphenation patterns - only for Unicode engines)
\l@marathi=\language45

(/home/elliott/pdftextexmfdist/loadhyph-mr.tex
No Marathi hyphenation patterns - only for Unicode engines)
\l@oriya=\language46

(/home/elliott/pdftextexmfdist/loadhyph-or.tex
No Oriya hyphenation patterns - only for Unicode engines)
\l@panjabi=\language47

(/home/elliott/pdftextexmfdist/loadhyph-pa.tex
No Panjabi hyphenation patterns - only for Unicode engines)
\l@tamil=\language48

(/home/elliott/pdftextexmfdist/loadhyph-ta.tex
No Tamil hyphenation patterns - only for Unicode engines)
\l@telugu=\language49

(/home/elliott/pdftextexmfdist/loadhyph-te.tex
No Telugu hyphenation patterns - only for Unicode engines)
\l@indonesian=\language50

(/home/elliott/pdftextexmfdist/loadhyph-id.tex
ASCII Indonesian hyphenation patterns
(/home/elliott/pdftextexmfdist/hyph-id.tex))
\l@interlingua=\language51

(/home/elliott/pdftextexmfdist/loadhyph-ia.tex
ASCII Hyphenation patterns for Interlingua
(/home/elliott/pdftextexmfdist/hyph-ia.tex))
\l@irish=\language52

(/home/elliott/pdftextexmfdist/loadhyph-ga.tex EC Irish hyphenation patterns
(/home/elliott/pdftextexmfdist/conv-utf8-ec.tex)
(/home/elliott/pdftextexmfdist/hyph-ga.tex))
\l@italian=\language53

(/home/elliott/pdftextexmfdist/loadhyph-it.tex
ASCII Italian hyphenation patterns (/home/elliott/pdftextexmfdist/hyph-it.tex))
\l@kurmanji=\language54
(/home/elliott/pdftextexmfdist/loadhyph-kmr.tex
EC Kurmanji hyphenation patterns (v. 1.0 2009/06/29 JKn and MSh)
(/home/elliott/pdftextexmfdist/conv-utf8-ec.tex)
(/home/elliott/pdftextexmfdist/hyph-kmr.tex))
\l@latin=\language55

(/home/elliott/pdftextexmfdist/loadhyph-la.tex EC Latin hyphenation patterns
(/home/elliott/pdftextexmfdist/conv-utf8-ec.tex)
(/home/elliott/pdftextexmfdist/hyph-la.tex))
\l@classiclatin=\language56

(/home/elliott/pdftextexmfdist/loadhyph-la-x-classic.tex
ASCII Classical Latin hyphenation patterns
(/home/elliott/pdftextexmfdist/hyph-la-x-classic.tex))
\l@liturgicallatin=\language57

(/home/elliott/pdftextexmfdist/loadhyph-la-x-liturgic.tex
EC Liturgical Latin hyphenation patterns
(/home/elliott/pdftextexmfdist/hyph-la-x-liturgic.ec.tex))
\l@latvian=\language58

(/home/elliott/pdftextexmfdist/loadhyph-lv.tex
L7X Latvian hyphenation patterns
(/home/elliott/pdftextexmfdist/conv-utf8-l7x.tex)
(/home/elliott/pdftextexmfdist/hyph-lv.tex))
\l@lithuanian=\language59

(/home/elliott/pdftextexmfdist/loadhyph-lt.tex
L7X Lithuanian hyphenation patterns
(/home/elliott/pdftextexmfdist/conv-utf8-l7x.tex)
(/home/elliott/pdftextexmfdist/hyph-lt.tex))
\l@mongolian=\language60

(/home/elliott/pdftextexmfdist/loadhyph-mn-cyrl.tex
T2A (New) Mongolian hyphenation patterns
(/home/elliott/pdftextexmfdist/conv-utf8-t2a.tex)
(/home/elliott/pdftextexmfdist/hyph-mn-cyrl.tex))
\l@mongolianlmc=\language61

(/home/elliott/pdftextexmfdist/loadhyph-mn-cyrl-x-lmc.tex
LMC Mongolian hyphenation patterns
(/home/elliott/pdftextexmfdist/conv-utf8-lmc.tex)
(/home/elliott/pdftextexmfdist/hyph-mn-cyrl-x-lmc.tex))
\l@bokmal=\language62

(/home/elliott/pdftextexmfdist/loadhyph-nb.tex
EC Norwegian Bokmal hyphenation patterns
(/home/elliott/pdftextexmfdist/conv-utf8-ec.tex)
(/home/elliott/pdftextexmfdist/hyph-nb.tex
(/home/elliott/pdftextexmfdist/hyph-no.tex)))
\l@norwegian=\language62
\l@norsk=\language62
\l@nynorsk=\language63

(/home/elliott/pdftextexmfdist/loadhyph-nn.tex
EC Norwegian Nynorsk hyphenation patterns
(/home/elliott/pdftextexmfdist/conv-utf8-ec.tex)
(/home/elliott/pdftextexmfdist/hyph-nn.tex
(/home/elliott/pdftextexmfdist/hyph-no.tex)))
\l@occitan=\language64

(/home/elliott/pdftextexmfdist/loadhyph-oc.tex EC Occitan hyphenation patterns
(/home/elliott/pdftextexmfdist/conv-utf8-ec.tex)
(/home/elliott/pdftextexmfdist/hyph-oc.tex))
\l@piedmontese=\language65

(/home/elliott/pdftextexmfdist/loadhyph-pms.tex
ASCII Piedmontese hyphenation patterns
(/home/elliott/pdftextexmfdist/hyph-pms.tex))
\l@polish=\language66

(/home/elliott/pdftextexmfdist/loadhyph-pl.tex QX Polish hyphenation patterns
(/home/elliott/pdftextexmfdist/conv-utf8-qx.tex)
(/home/elliott/pdftextexmfdist/hyph-pl.tex))
\l@portuguese=\language67

(/home/elliott/pdftextexmfdist/loadhyph-pt.tex
EC Portuguese hyphenation patterns
(/home/elliott/pdftextexmfdist/conv-utf8-ec.tex)
(/home/elliott/pdftextexmfdist/hyph-pt.tex))
\l@portuges=\language67
\l@romanian=\language68

(/home/elliott/pdftextexmfdist/loadhyph-ro.tex
EC Romanian hyphenation patterns
(/home/elliott/pdftextexmfdist/conv-utf8-ec.tex)
(/home/elliott/pdftextexmfdist/hyph-ro.tex))
\l@romansh=\language69

(/home/elliott/pdftextexmfdist/loadhyph-rm.tex
ASCII Romansh hyphenation patterns (/home/elliott/pdftextexmfdist/hyph-rm.tex))
\l@russian=\language70
(/home/elliott/pdftextexmfdist/loadhyph-ru.tex
T2A Russian hyphenation patterns (/home/elliott/pdftextexmfdist/ruhyphen.tex
(/home/elliott/pdftextexmfdist/catkoi.tex)
(/home/elliott/pdftextexmfdist/koi2t2a.tex)
(/home/elliott/pdftextexmfdist/ruhyphal.tex)
(/home/elliott/pdftextexmfdist/cyryoal.tex)
(/home/elliott/pdftextexmfdist/hypht2.tex)))
\l@sanskrit=\language71

(/home/elliott/pdftextexmfdist/loadhyph-sa.tex
No Sanskrit hyphenation patterns (v0.6, 2011/09/14) - only for Unicode engines)
\l@serbian=\language72
(/home/elliott/pdftextexmfdist/loadhyph-sr-latn.tex
EC Serbian hyphenation patterns in Latin script
(/home/elliott/pdftextexmfdist/conv-utf8-ec.tex)
(/home/elliott/pdftextexmfdist/hyph-sh-latn.tex))
\l@serbianc=\language73

(/home/elliott/pdftextexmfdist/loadhyph-sr-cyrl.tex
T2A Serbian hyphenation patterns in Cyrillic script
(/home/elliott/pdftextexmfdist/conv-utf8-t2a.tex)
(/home/elliott/pdftextexmfdist/hyph-sh-cyrl.tex))
\l@slovak=\language74

(/home/elliott/pdftextexmfdist/loadhyph-sk.tex
EC Slovak hyphenation patterns (Jana Chlebikova, 1992)
(/home/elliott/pdftextexmfdist/conv-utf8-ec.tex)
(/home/elliott/pdftextexmfdist/hyph-sk.tex))
\l@slovenian=\language75

(/home/elliott/pdftextexmfdist/loadhyph-sl.tex
EC Slovenian hyphenation patterns
(/home/elliott/pdftextexmfdist/conv-utf8-ec.tex)
(/home/elliott/pdftextexmfdist/hyph-sl.tex))
\l@slovene=\language75
\l@spanish=\language76

(/home/elliott/pdftextexmfdist/loadhyph-es.tex EC Spanish hyphenation patterns
(/home/elliott/pdftextexmfdist/conv-utf8-ec.tex)
(/home/elliott/pdftextexmfdist/hyph-es.tex))
\l@espanol=\language76
\l@swedish=\language77

(/home/elliott/pdftextexmfdist/loadhyph-sv.tex
EC Swedish hyphenation patterns (Jan Michael Rynning, 1994-03-03)
(/home/elliott/pdftextexmfdist/conv-utf8-ec.tex)
(/home/elliott/pdftextexmfdist/hyph-sv.tex))
\l@thai=\language78

(/home/elliott/pdftextexmfdist/loadhyph-th.tex LTH Thai hyphenation patterns
(/home/elliott/pdftextexmfdist/conv-utf8-lth.tex)
(/home/elliott/pdftextexmfdist/hyph-th.tex))
\l@turkish=\language79

(/home/elliott/pdftextexmfdist/loadhyph-tr.tex EC Turkish hyphenation patterns
(/home/elliott/pdftextexmfdist/conv-utf8-ec.tex)
(/home/elliott/pdftextexmfdist/hyph-tr.tex))
\l@turkmen=\language80

(/home/elliott/pdftextexmfdist/loadhyph-tk.tex EC Turkmen hyphenation patterns
(/home/elliott/pdftextexmfdist/conv-utf8-ec.tex)
(/home/elliott/pdftextexmfdist/hyph-tk.tex))
\l@ukrainian=\language81

(/home/elliott/pdftextexmfdist/loadhyph-uk.tex
T2A Ukrainian hyphenation patterns (/home/elliott/pdftextexmfdist/ukrhyph.tex
Ukrainian hyphenation patterns in t2a encoding
(/home/elliott/pdftextexmfdist/catlcy.tex)
(/home/elliott/pdftextexmfdist/lcy2t2a.tex)
(/home/elliott/pdftextexmfdist/ukrhypmp.tex)
(/home/elliott/pdftextexmfdist/hypht2.tex)))
\l@uppersorbian=\language82

(/home/elliott/pdftextexmfdist/loadhyph-hsb.tex
EC Upper Sorbian hyphenation patterns (E. Werner)
(/home/elliott/pdftextexmfdist/conv-utf8-ec.tex)
(/home/elliott/pdftextexmfdist/hyph-hsb.tex))
\l@welsh=\language83

(/home/elliott/pdftextexmfdist/loadhyph-cy.tex EC Welsh hyphenation patterns
(/home/elliott/pdftextexmfdist/conv-utf8-ec.tex)
(/home/elliott/pdftextexmfdist/hyph-cy.tex)))
(/home/elliott/pdftextexmfdist/utf8.def
File: utf8.def 2018/04/05 v1.2c UTF-8 support for inputenc
Now handling font encoding OML ...
... no UTF-8 mapping file for font encoding OML
Now handling font encoding T1 ...
... processing UTF-8 mapping file for font encoding T1

(/home/elliott/pdftextexmfdist/t1enc.dfu
File: t1enc.dfu 2018/04/05 v1.2c UTF-8 support for inputenc
   defining Unicode char U+00A0 (decimal 160)
   defining Unicode char U+00A1 (decimal 161)
   defining Unicode char U+00A3 (decimal 163)
   defining Unicode char U+00AB (decimal 171)
   defining Unicode char U+00AD (decimal 173)
   defining Unicode char U+00BB (decimal 187)
   defining Unicode char U+00BF (decimal 191)
   defining Unicode char U+00C0 (decimal 192)
   defining Unicode char U+00C1 (decimal 193)
   defining Unicode char U+00C2 (decimal 194)
   defining Unicode char U+00C3 (decimal 195)
   defining Unicode char U+00C4 (decimal 196)
   defining Unicode char U+00C5 (decimal 197)
   defining Unicode char U+00C6 (decimal 198)
   defining Unicode char U+00C7 (decimal 199)
   defining Unicode char U+00C8 (decimal 200)
   defining Unicode char U+00C9 (decimal 201)
   defining Unicode char U+00CA (decimal 202)
   defining Unicode char U+00CB (decimal 203)
   defining Unicode char U+00CC (decimal 204)
   defining Unicode char U+00CD (decimal 205)
   defining Unicode char U+00CE (decimal 206)
   defining Unicode char U+00CF (decimal 207)
   defining Unicode char U+00D0 (decimal 208)
   defining Unicode char U+00D1 (decimal 209)
   defining Unicode char U+00D2 (decimal 210)
   defining Unicode char U+00D3 (decimal 211)
   defining Unicode char U+00D4 (decimal 212)
   defining Unicode char U+00D5 (decimal 213)
   defining Unicode char U+00D6 (decimal 214)
   defining Unicode char U+00D8 (decimal 216)
   defining Unicode char U+00D9 (decimal 217)
   defining Unicode char U+00DA (decimal 218)
   defining Unicode char U+00DB (decimal 219)
   defining Unicode char U+00DC (decimal 220)
   defining Unicode char U+00DD (decimal 221)
   defining Unicode char U+00DE (decimal 222)
   defining Unicode char U+00DF (decimal 223)
   defining Unicode char U+00E0 (decimal 224)
   defining Unicode char U+00E1 (decimal 225)
   defining Unicode char U+00E2 (decimal 226)
   defining Unicode char U+00E3 (decimal 227)
   defining Unicode char U+00E4 (decimal 228)
   defining Unicode char U+00E5 (decimal 229)
   defining Unicode char U+00E6 (decimal 230)
   defining Unicode char U+00E7 (decimal 231)
   defining Unicode char U+00E8 (decimal 232)
   defining Unicode char U+00E9 (decimal 233)
   defining Unicode char U+00EA (decimal 234)
   defining Unicode char U+00EB (decimal 235)
   defining Unicode char U+00EC (decimal 236)
   defining Unicode char U+00ED (decimal 237)
   defining Unicode char U+00EE (decimal 238)
   defining Unicode char U+00EF (decimal 239)
   defining Unicode char U+00F0 (decimal 240)
   defining Unicode char U+00F1 (decimal 241)
   defining Unicode char U+00F2 (decimal 242)
   defining Unicode char U+00F3 (decimal 243)
   defining Unicode char U+00F4 (decimal 244)
   defining Unicode char U+00F5 (decimal 245)
   defining Unicode char U+00F6 (decimal 246)
   defining Unicode char U+00F8 (decimal 248)
   defining Unicode char U+00F9 (decimal 249)
   defining Unicode char U+00FA (decimal 250)
   defining Unicode char U+00FB (decimal 251)
   defining Unicode char U+00FC (decimal 252)
   defining Unicode char U+00FD (decimal 253)
   defining Unicode char U+00FE (decimal 254)
   defining Unicode char U+00FF (decimal 255)
   defining Unicode char U+0100 (decimal 256)
   defining Unicode char U+0101 (decimal 257)
   defining Unicode char U+0102 (decimal 258)
   defining Unicode char U+0103 (decimal 259)
   defining Unicode char U+0104 (decimal 260)
   defining Unicode char U+0105 (decimal 261)
   defining Unicode char U+0106 (decimal 262)
   defining Unicode char U+0107 (decimal 263)
   defining Unicode char U+0108 (decimal 264)
   defining Unicode char U+0109 (decimal 265)
   defining Unicode char U+010A (decimal 266)
   defining Unicode char U+010B (decimal 267)
   defining Unicode char U+010C (decimal 268)
   defining Unicode char U+010D (decimal 269)
   defining Unicode char U+010E (decimal 270)
   defining Unicode char U+010F (decimal 271)
   defining Unicode char U+0110 (decimal 272)
   defining Unicode char U+0111 (decimal 273)
   defining Unicode char U+0112 (decimal 274)
   defining Unicode char U+0113 (decimal 275)
   defining Unicode char U+0114 (decimal 276)
   defining Unicode char U+0115 (decimal 277)
   defining Unicode char U+0116 (decimal 278)
   defining Unicode char U+0117 (decimal 279)
   defining Unicode char U+0118 (decimal 280)
   defining Unicode char U+0119 (decimal 281)
   defining Unicode char U+011A (decimal 282)
   defining Unicode char U+011B (decimal 283)
   defining Unicode char U+011C (decimal 284)
   defining Unicode char U+011D (decimal 285)
   defining Unicode char U+011E (decimal 286)
   defining Unicode char U+011F (decimal 287)
   defining Unicode char U+0120 (decimal 288)
   defining Unicode char U+0121 (decimal 289)
   defining Unicode char U+0122 (decimal 290)
   defining Unicode char U+0123 (decimal 291)
   defining Unicode char U+0124 (decimal 292)
   defining Unicode char U+0125 (decimal 293)
   defining Unicode char U+0128 (decimal 296)
   defining Unicode char U+0129 (decimal 297)
   defining Unicode char U+012A (decimal 298)
   defining Unicode char U+012B (decimal 299)
   defining Unicode char U+012C (decimal 300)
   defining Unicode char U+012D (decimal 301)
   defining Unicode char U+012E (decimal 302)
   defining Unicode char U+012F (decimal 303)
   defining Unicode char U+0130 (decimal 304)
   defining Unicode char U+0131 (decimal 305)
   defining Unicode char U+0132 (decimal 306)
   defining Unicode char U+0133 (decimal 307)
   defining Unicode char U+0134 (decimal 308)
   defining Unicode char U+0135 (decimal 309)
   defining Unicode char U+0136 (decimal 310)
   defining Unicode char U+0137 (decimal 311)
   defining Unicode char U+0139 (decimal 313)
   defining Unicode char U+013A (decimal 314)
   defining Unicode char U+013B (decimal 315)
   defining Unicode char U+013C (decimal 316)
   defining Unicode char U+013D (decimal 317)
   defining Unicode char U+013E (decimal 318)
   defining Unicode char U+0141 (decimal 321)
   defining Unicode char U+0142 (decimal 322)
   defining Unicode char U+0143 (decimal 323)
   defining Unicode char U+0144 (decimal 324)
   defining Unicode char U+0145 (decimal 325)
   defining Unicode char U+0146 (decimal 326)
   defining Unicode char U+0147 (decimal 327)
   defining Unicode char U+0148 (decimal 328)
   defining Unicode char U+014A (decimal 330)
   defining Unicode char U+014B (decimal 331)
   defining Unicode char U+014C (decimal 332)
   defining Unicode char U+014D (decimal 333)
   defining Unicode char U+014E (decimal 334)
   defining Unicode char U+014F (decimal 335)
   defining Unicode char U+0150 (decimal 336)
   defining Unicode char U+0151 (decimal 337)
   defining Unicode char U+0152 (decimal 338)
   defining Unicode char U+0153 (decimal 339)
   defining Unicode char U+0154 (decimal 340)
   defining Unicode char U+0155 (decimal 341)
   defining Unicode char U+0156 (decimal 342)
   defining Unicode char U+0157 (decimal 343)
   defining Unicode char U+0158 (decimal 344)
   defining Unicode char U+0159 (decimal 345)
   defining Unicode char U+015A (decimal 346)
   defining Unicode char U+015B (decimal 347)
   defining Unicode char U+015C (decimal 348)
   defining Unicode char U+015D (decimal 349)
   defining Unicode char U+015E (decimal 350)
   defining Unicode char U+015F (decimal 351)
   defining Unicode char U+0160 (decimal 352)
   defining Unicode char U+0161 (decimal 353)
   defining Unicode char U+0162 (decimal 354)
   defining Unicode char U+0163 (decimal 355)
   defining Unicode char U+0164 (decimal 356)
   defining Unicode char U+0165 (decimal 357)
   defining Unicode char U+0168 (decimal 360)
   defining Unicode char U+0169 (decimal 361)
   defining Unicode char U+016A (decimal 362)
   defining Unicode char U+016B (decimal 363)
   defining Unicode char U+016C (decimal 364)
   defining Unicode char U+016D (decimal 365)
   defining Unicode char U+016E (decimal 366)
   defining Unicode char U+016F (decimal 367)
   defining Unicode char U+0170 (decimal 368)
   defining Unicode char U+0171 (decimal 369)
   defining Unicode char U+0172 (decimal 370)
   defining Unicode char U+0173 (decimal 371)
   defining Unicode char U+0174 (decimal 372)
   defining Unicode char U+0175 (decimal 373)
   defining Unicode char U+0176 (decimal 374)
   defining Unicode char U+0177 (decimal 375)
   defining Unicode char U+0178 (decimal 376)
   defining Unicode char U+0179 (decimal 377)
   defining Unicode char U+017A (decimal 378)
   defining Unicode char U+017B (decimal 379)
   defining Unicode char U+017C (decimal 380)
   defining Unicode char U+017D (decimal 381)
   defining Unicode char U+017E (decimal 382)
   defining Unicode char U+01CD (decimal 461)
   defining Unicode char U+01CE (decimal 462)
   defining Unicode char U+01CF (decimal 463)
   defining Unicode char U+01D0 (decimal 464)
   defining Unicode char U+01D1 (decimal 465)
   defining Unicode char U+01D2 (decimal 466)
   defining Unicode char U+01D3 (decimal 467)
   defining Unicode char U+01D4 (decimal 468)
   defining Unicode char U+01E2 (decimal 482)
   defining Unicode char U+01E3 (decimal 483)
   defining Unicode char U+01E6 (decimal 486)
   defining Unicode char U+01E7 (decimal 487)
   defining Unicode char U+01E8 (decimal 488)
   defining Unicode char U+01E9 (decimal 489)
   defining Unicode char U+01EA (decimal 490)
   defining Unicode char U+01EB (decimal 491)
   defining Unicode char U+01F0 (decimal 496)
   defining Unicode char U+01F4 (decimal 500)
   defining Unicode char U+01F5 (decimal 501)
   defining Unicode char U+0218 (decimal 536)
   defining Unicode char U+0219 (decimal 537)
   defining Unicode char U+021A (decimal 538)
   defining Unicode char U+021B (decimal 539)
   defining Unicode char U+0232 (decimal 562)
   defining Unicode char U+0233 (decimal 563)
   defining Unicode char U+1E02 (decimal 7682)
   defining Unicode char U+1E03 (decimal 7683)
   defining Unicode char U+200C (decimal 8204)
   defining Unicode char U+2010 (decimal 8208)
   defining Unicode char U+2011 (decimal 8209)
   defining Unicode char U+2012 (decimal 8210)
   defining Unicode char U+2013 (decimal 8211)
   defining Unicode char U+2014 (decimal 8212)
   defining Unicode char U+2015 (decimal 8213)
   defining Unicode char U+2018 (decimal 8216)
   defining Unicode char U+2019 (decimal 8217)
   defining Unicode char U+201A (decimal 8218)
   defining Unicode char U+201C (decimal 8220)
   defining Unicode char U+201D (decimal 8221)
   defining Unicode char U+201E (decimal 8222)
   defining Unicode char U+2030 (decimal 8240)
   defining Unicode char U+2031 (decimal 8241)
   defining Unicode char U+2039 (decimal 8249)
   defining Unicode char U+203A (decimal 8250)
   defining Unicode char U+2423 (decimal 9251)
   defining Unicode char U+1E20 (decimal 7712)
   defining Unicode char U+1E21 (decimal 7713)
)
Now handling font encoding OT1 ...
... processing UTF-8 mapping file for font encoding OT1

(/home/elliott/pdftextexmfdist/ot1enc.dfu
File: ot1enc.dfu 2018/04/05 v1.2c UTF-8 support for inputenc
   defining Unicode char U+00A0 (decimal 160)
   defining Unicode char U+00A1 (decimal 161)
   defining Unicode char U+00A3 (decimal 163)
   defining Unicode char U+00AD (decimal 173)
   defining Unicode char U+00B8 (decimal 184)
   defining Unicode char U+00BF (decimal 191)
   defining Unicode char U+00C5 (decimal 197)
   defining Unicode char U+00C6 (decimal 198)
   defining Unicode char U+00D8 (decimal 216)
   defining Unicode char U+00DF (decimal 223)
   defining Unicode char U+00E6 (decimal 230)
   defining Unicode char U+00EC (decimal 236)
   defining Unicode char U+00ED (decimal 237)
   defining Unicode char U+00EE (decimal 238)
   defining Unicode char U+00EF (decimal 239)
   defining Unicode char U+00F8 (decimal 248)
   defining Unicode char U+0131 (decimal 305)
   defining Unicode char U+0141 (decimal 321)
   defining Unicode char U+0142 (decimal 322)
   defining Unicode char U+0152 (decimal 338)
   defining Unicode char U+0153 (decimal 339)
   defining Unicode char U+0174 (decimal 372)
   defining Unicode char U+0175 (decimal 373)
   defining Unicode char U+0176 (decimal 374)
   defining Unicode char U+0177 (decimal 375)
   defining Unicode char U+0218 (decimal 536)
   defining Unicode char U+0219 (decimal 537)
   defining Unicode char U+021A (decimal 538)
   defining Unicode char U+021B (decimal 539)
   defining Unicode char U+2013 (decimal 8211)
   defining Unicode char U+2014 (decimal 8212)
   defining Unicode char U+2018 (decimal 8216)
   defining Unicode char U+2019 (decimal 8217)
   defining Unicode char U+201C (decimal 8220)
   defining Unicode char U+201D (decimal 8221)
)
Now handling font encoding OMS ...
... processing UTF-8 mapping file for font encoding OMS

(/home/elliott/pdftextexmfdist/omsenc.dfu
File: omsenc.dfu 2018/04/05 v1.2c UTF-8 support for inputenc
   defining Unicode char U+00A7 (decimal 167)
   defining Unicode char U+00B6 (decimal 182)
   defining Unicode char U+00B7 (decimal 183)
   defining Unicode char U+2020 (decimal 8224)
   defining Unicode char U+2021 (decimal 8225)
   defining Unicode char U+2022 (decimal 8226)
)
Now handling font encoding OMX ...
... no UTF-8 mapping file for font encoding OMX
Now handling font encoding U ...
... no UTF-8 mapping file for font encoding U
   defining Unicode char U+00A9 (decimal 169)
   defining Unicode char U+00AA (decimal 170)
   defining Unicode char U+00AE (decimal 174)
   defining Unicode char U+00BA (decimal 186)
   defining Unicode char U+02C6 (decimal 710)
   defining Unicode char U+02DC (decimal 732)
   defining Unicode char U+200C (decimal 8204)
   defining Unicode char U+2026 (decimal 8230)
   defining Unicode char U+2122 (decimal 8482)
   defining Unicode char U+2423 (decimal 9251)
   defining Unicode char U+FEFF (decimal 65279)
)
 ) )
Beginning to dump on file pdflatex.fmt
 (preloaded format=pdflatex 2018.6.14)
7343 strings of total length 103699
55437 memory locations dumped; current usage is 144&55183
3987 multiletter control sequences
\font\nullfont=nullfont
\font\OMX/cmex/m/n/10=cmex10
\font\tenln=line10
\font\tenlnw=linew10
\font\tencirc=lcircle10
\font\tencircw=lcirclew10
\font\OT1/cmr/m/n/5=cmr5
\font\OT1/cmr/m/n/7=cmr7
\font\OT1/cmr/m/n/10=cmr10
\font\OML/cmm/m/it/5=cmmi5
\font\OML/cmm/m/it/7=cmmi7
\font\OML/cmm/m/it/10=cmmi10
\font\OMS/cmsy/m/n/5=cmsy5
\font\OMS/cmsy/m/n/7=cmsy7
\font\OMS/cmsy/m/n/10=cmsy10
3633 words of font info for 14 preloaded fonts
1141 hyphenation exceptions
Hyphenation trie of length 370691 has 8997 ops out of 35111
  143 for language 83
  110 for language 82
  138 for language 81
  7 for language 80
  12 for language 79
  53 for language 78
  127 for language 77
  183 for language 76
  71 for language 75
  248 for language 74
  62 for language 73
  66 for language 72
  119 for language 70
  43 for language 69
  58 for language 68
  7 for language 67
  194 for language 66
  37 for language 65
  23 for language 64
  852 for language 63
  852 for language 62
  21 for language 61
  38 for language 60
  77 for language 59
  58 for language 58
  201 for language 57
  105 for language 56
  25 for language 55
  27 for language 54
  37 for language 53
  229 for language 52
  38 for language 51
  21 for language 50
  147 for language 38
  185 for language 37
  50 for language 36
  18 for language 35
  533 for language 34
  235 for language 33
  207 for language 32
  39 for language 31
  76 for language 30
  40 for language 29
  89 for language 28
  31 for language 27
  113 for language 24
  145 for language 23
  377 for language 22
  224 for language 21
  265 for language 20
  60 for language 19
  63 for language 18
  19 for language 17
  14 for language 16
  2 for language 14
  21 for language 13
  54 for language 12
  36 for language 11
  5 for language 10
  148 for language 7
  97 for language 6
  137 for language 5
  551 for language 4
  551 for language 3
  2 for language 1
  181 for language 0
0 words of pdfTeX memory
0 indirect objects
No pages of output.
PDF statistics:
 0 PDF objects out of 1000 (max. 8388607)
 0 named destinations out of 1000 (max. 500000)
 1 words of extra memory for PDF output out of 10000 (max. 10000000)

